<?xml version="1.0" encoding="UTF-8"?>
<testsuite xmlns:xsi="http://www.w3.org/2001/XMLSchema-instance" xsi:noNamespaceSchemaLocation="https://maven.apache.org/surefire/maven-surefire-plugin/xsd/surefire-test-report.xsd" name="stacs.wordle.mainService.MainServiceTest" time="0.001" tests="1" errors="0" skipped="0" failures="1">
  <properties>
[...]
</properties>
  <testcase name="instructions" classname="stacs.wordle.mainService.MainServiceTest" time="0.001">
    <failure message="expected: &lt;Welcome to CS5031 - Wordle&#10;The aim of the game is to guess the word that has been randomly selected.&#10;You will be given 10 chances to guess the word.&#10;You will be given a hint after every incorrect guess.&#10;The hint will show you the number of letters in the word and the number of letters you have guessed correctly.&#10;You will be given a score based on the number of letters you have guessed correctly.&#10;The game will end when you have guessed the word or you have used all your chances.&#10;Good luck!&#10;&gt; but was: &lt;0&gt;" type="org.opentest4j.AssertionFailedError"><![CDATA[org.opentest4j.AssertionFailedError: 
expected: <Welcome to CS5031 - Wordle
The aim of the game is to guess the word that has been randomly selected.
You will be given 10 chances to guess the word.
You will be given a hint after every incorrect guess.
The hint will show you the number of letters in the word and the number of letters you have guessed correctly.
You will be given a score based on the number of letters you have guessed correctly.
The game will end when you have guessed the word or you have used all your chances.
Good luck!
> but was: <0>
	at stacs.wordle.mainService.MainServiceTest.instructions(MainServiceTest.java:12)
]]></failure>
    <system-out><![CDATA[---------------------------------- "Hello Player"-----------------------------------------------------

1. You have six tries to guess the five-letter Wordle of the day.

2. Type in your guess and submit your word by hitting the “enter” key on the Wordle keyboard.

3. The color of the tiles will change after you submit your word.
    * A yellow tile indicates that you picked the right letter, but it’s in the wrong spot.
    * The green tile indicates that you picked the right letter in the correct spot.
    * The gray tile indicates that the letter you picked is not included in the word at all.

4. Continue until you solve the Wordle or run out of guesses. Good luck!

------------------------------"May the Force be with you!"----------------------------------
]]></system-out>
  </testcase>
</testsuite>